2019-10-18 00:54:18.575  INFO 27636 --- [main] com.example.demo.SareetaApplication      : Starting SareetaApplication on yoonui-MacBook-Pro.local with PID 27636 (/Users/yoon/Desktop/eCommerceAPI/target/classes started by yoon in /Users/yoon/Desktop/eCommerceAPI)
2019-10-18 00:54:18.584  INFO 27636 --- [main] com.example.demo.SareetaApplication      : No active profile set, falling back to default profiles: default
2019-10-18 00:54:19.206  INFO 27636 --- [main] .s.d.r.c.RepositoryConfigurationDelegate : Bootstrapping Spring Data repositories in DEFAULT mode.
2019-10-18 00:54:19.286  INFO 27636 --- [main] .s.d.r.c.RepositoryConfigurationDelegate : Finished Spring Data repository scanning in 69ms. Found 4 repository interfaces.
2019-10-18 00:54:19.940  INFO 27636 --- [main] trationDelegate$BeanPostProcessorChecker : Bean 'org.springframework.transaction.annotation.ProxyTransactionManagementConfiguration' of type [org.springframework.transaction.annotation.ProxyTransactionManagementConfiguration$$EnhancerBySpringCGLIB$$27077cf3] is not eligible for getting processed by all BeanPostProcessors (for example: not eligible for auto-proxying)
2019-10-18 00:54:19.999  INFO 27636 --- [main] trationDelegate$BeanPostProcessorChecker : Bean 'org.springframework.security.config.annotation.configuration.ObjectPostProcessorConfiguration' of type [org.springframework.security.config.annotation.configuration.ObjectPostProcessorConfiguration$$EnhancerBySpringCGLIB$$bfb5452d] is not eligible for getting processed by all BeanPostProcessors (for example: not eligible for auto-proxying)
2019-10-18 00:54:20.012  INFO 27636 --- [main] trationDelegate$BeanPostProcessorChecker : Bean 'objectPostProcessor' of type [org.springframework.security.config.annotation.configuration.AutowireBeanFactoryObjectPostProcessor] is not eligible for getting processed by all BeanPostProcessors (for example: not eligible for auto-proxying)
2019-10-18 00:54:20.021  INFO 27636 --- [main] trationDelegate$BeanPostProcessorChecker : Bean 'org.springframework.security.access.expression.method.DefaultMethodSecurityExpressionHandler@2a25e041' of type [org.springframework.security.access.expression.method.DefaultMethodSecurityExpressionHandler] is not eligible for getting processed by all BeanPostProcessors (for example: not eligible for auto-proxying)
2019-10-18 00:54:20.027  INFO 27636 --- [main] trationDelegate$BeanPostProcessorChecker : Bean 'org.springframework.security.config.annotation.method.configuration.GlobalMethodSecurityConfiguration' of type [org.springframework.security.config.annotation.method.configuration.GlobalMethodSecurityConfiguration$$EnhancerBySpringCGLIB$$e489e7df] is not eligible for getting processed by all BeanPostProcessors (for example: not eligible for auto-proxying)
2019-10-18 00:54:20.032  INFO 27636 --- [main] trationDelegate$BeanPostProcessorChecker : Bean 'methodSecurityMetadataSource' of type [org.springframework.security.access.method.DelegatingMethodSecurityMetadataSource] is not eligible for getting processed by all BeanPostProcessors (for example: not eligible for auto-proxying)
2019-10-18 00:54:20.376  INFO 27636 --- [main] o.s.b.w.embedded.tomcat.TomcatWebServer  : Tomcat initialized with port(s): 8080 (http)
2019-10-18 00:54:20.419  INFO 27636 --- [main] o.apache.catalina.core.StandardService   : Starting service [Tomcat]
2019-10-18 00:54:20.419  INFO 27636 --- [main] org.apache.catalina.core.StandardEngine  : Starting Servlet engine: [Apache Tomcat/9.0.19]
2019-10-18 00:54:20.528  INFO 27636 --- [main] o.a.c.c.C.[Tomcat].[localhost].[/]       : Initializing Spring embedded WebApplicationContext
2019-10-18 00:54:20.529  INFO 27636 --- [main] o.s.web.context.ContextLoader            : Root WebApplicationContext: initialization completed in 1880 ms
2019-10-18 00:54:20.758  INFO 27636 --- [main] com.zaxxer.hikari.HikariDataSource       : HikariPool-1 - Starting...
2019-10-18 00:54:21.007  INFO 27636 --- [main] com.zaxxer.hikari.HikariDataSource       : HikariPool-1 - Start completed.
2019-10-18 00:54:21.083  INFO 27636 --- [main] o.hibernate.jpa.internal.util.LogHelper  : HHH000204: Processing PersistenceUnitInfo [
	name: default
	...]
2019-10-18 00:54:21.172  INFO 27636 --- [main] org.hibernate.Version                    : HHH000412: Hibernate Core {5.3.10.Final}
2019-10-18 00:54:21.174  INFO 27636 --- [main] org.hibernate.cfg.Environment            : HHH000206: hibernate.properties not found
2019-10-18 00:54:21.348  INFO 27636 --- [main] o.hibernate.annotations.common.Version   : HCANN000001: Hibernate Commons Annotations {5.0.4.Final}
2019-10-18 00:54:21.516  INFO 27636 --- [main] org.hibernate.dialect.Dialect            : HHH000400: Using dialect: org.hibernate.dialect.H2Dialect
2019-10-18 00:54:22.401  INFO 27636 --- [main] j.LocalContainerEntityManagerFactoryBean : Initialized JPA EntityManagerFactory for persistence unit 'default'
2019-10-18 00:54:23.264  WARN 27636 --- [main] aWebConfiguration$JpaWebMvcConfiguration : spring.jpa.open-in-view is enabled by default. Therefore, database queries may be performed during view rendering. Explicitly configure spring.jpa.open-in-view to disable this warning
2019-10-18 00:54:23.383  INFO 27636 --- [main] o.s.s.web.DefaultSecurityFilterChain     : Creating filter chain: any request, [org.springframework.security.web.context.request.async.WebAsyncManagerIntegrationFilter@44162d7e, org.springframework.security.web.context.SecurityContextPersistenceFilter@7570e11c, org.springframework.security.web.header.HeaderWriterFilter@130be5ac, org.springframework.web.filter.CorsFilter@64de55b3, org.springframework.security.web.authentication.logout.LogoutFilter@9cfd53e, com.example.demo.security.JwtAuthenticationFilter@23a9be67, com.example.demo.security.JwtAuthorizationFilter@399077d1, org.springframework.security.web.savedrequest.RequestCacheAwareFilter@7bd256df, org.springframework.security.web.servletapi.SecurityContextHolderAwareRequestFilter@50381b6, org.springframework.security.web.authentication.AnonymousAuthenticationFilter@4c18c040, org.springframework.security.web.session.SessionManagementFilter@52a4647d, org.springframework.security.web.access.ExceptionTranslationFilter@b394636, org.springframework.security.web.access.intercept.FilterSecurityInterceptor@299020da]
2019-10-18 00:54:23.576  INFO 27636 --- [main] o.s.s.concurrent.ThreadPoolTaskExecutor  : Initializing ExecutorService 'applicationTaskExecutor'
2019-10-18 00:54:23.893  INFO 27636 --- [main] o.s.b.w.embedded.tomcat.TomcatWebServer  : Tomcat started on port(s): 8080 (http) with context path ''
2019-10-18 00:54:23.900  INFO 27636 --- [main] com.example.demo.SareetaApplication      : Started SareetaApplication in 5.956 seconds (JVM running for 11.516)
2019-10-18 00:54:32.672  INFO 27636 --- [http-nio-8080-exec-2] o.a.c.c.C.[Tomcat].[localhost].[/]       : Initializing Spring DispatcherServlet 'dispatcherServlet'
2019-10-18 00:54:32.673  INFO 27636 --- [http-nio-8080-exec-2] o.s.web.servlet.DispatcherServlet        : Initializing Servlet 'dispatcherServlet'
2019-10-18 00:54:32.689  INFO 27636 --- [http-nio-8080-exec-2] o.s.web.servlet.DispatcherServlet        : Completed initialization in 16 ms
2019-10-18 00:54:32.835  INFO 27636 --- [http-nio-8080-exec-2] c.e.demo.controllers.UserController      : User name set with value: null
2019-10-18 00:54:32.919 ERROR 27636 --- [http-nio-8080-exec-2] c.e.demo.controllers.UserController      : Error with user password. Can not create null
2019-10-18 00:54:44.778  INFO 27636 --- [http-nio-8080-exec-4] c.e.demo.controllers.UserController      : User name set with value: sarah
2019-10-18 00:54:44.784 ERROR 27636 --- [http-nio-8080-exec-4] c.e.demo.controllers.UserController      : Error with user password. Can not create sarah
2019-10-18 00:55:02.864  INFO 27636 --- [http-nio-8080-exec-6] c.e.demo.controllers.UserController      : User name set with value: sarah
2019-10-18 00:55:02.976  INFO 27636 --- [http-nio-8080-exec-6] c.e.demo.controllers.UserController      : Create sarah success!
2019-10-18 00:55:06.223  INFO 27636 --- [Thread-4] o.s.s.concurrent.ThreadPoolTaskExecutor  : Shutting down ExecutorService 'applicationTaskExecutor'
2019-10-18 00:55:06.226  INFO 27636 --- [Thread-4] j.LocalContainerEntityManagerFactoryBean : Closing JPA EntityManagerFactory for persistence unit 'default'
2019-10-18 00:55:06.228  INFO 27636 --- [Thread-4] com.zaxxer.hikari.HikariDataSource       : HikariPool-1 - Shutdown initiated...
2019-10-18 00:55:06.234  INFO 27636 --- [Thread-4] com.zaxxer.hikari.HikariDataSource       : HikariPool-1 - Shutdown completed.
